mode: set
github.com/Ulbora/intgFileBuilder/csvbuilder.go:35.62,42.16 6 1
github.com/Ulbora/intgFileBuilder/csvbuilder.go:49.2,49.12 1 1
github.com/Ulbora/intgFileBuilder/csvbuilder.go:42.16,48.3 5 1
github.com/Ulbora/intgFileBuilder/csvbuilder.go:53.73,57.16 3 1
github.com/Ulbora/intgFileBuilder/csvbuilder.go:87.2,87.13 1 1
github.com/Ulbora/intgFileBuilder/csvbuilder.go:57.16,58.30 1 1
github.com/Ulbora/intgFileBuilder/csvbuilder.go:66.3,66.27 1 1
github.com/Ulbora/intgFileBuilder/csvbuilder.go:58.30,60.20 1 1
github.com/Ulbora/intgFileBuilder/csvbuilder.go:60.20,64.5 3 1
github.com/Ulbora/intgFileBuilder/csvbuilder.go:66.27,71.18 3 1
github.com/Ulbora/intgFileBuilder/csvbuilder.go:82.4,82.28 1 1
github.com/Ulbora/intgFileBuilder/csvbuilder.go:71.18,72.34 1 1
github.com/Ulbora/intgFileBuilder/csvbuilder.go:72.34,73.24 1 1
github.com/Ulbora/intgFileBuilder/csvbuilder.go:73.24,79.7 4 1
github.com/Ulbora/intgFileBuilder/csvbuilder.go:91.77,96.11 5 1
github.com/Ulbora/intgFileBuilder/csvbuilder.go:106.2,109.16 3 1
github.com/Ulbora/intgFileBuilder/csvbuilder.go:96.11,98.3 1 1
github.com/Ulbora/intgFileBuilder/csvbuilder.go:98.8,101.17 3 1
github.com/Ulbora/intgFileBuilder/csvbuilder.go:101.17,103.4 1 1
github.com/Ulbora/intgFileBuilder/csvbuilder.go:112.42,114.16 2 1
github.com/Ulbora/intgFileBuilder/csvbuilder.go:117.2,117.16 1 1
github.com/Ulbora/intgFileBuilder/csvbuilder.go:114.16,116.3 1 1
github.com/Ulbora/intgFileBuilder/csvbuilder.go:120.52,122.16 2 1
github.com/Ulbora/intgFileBuilder/csvbuilder.go:125.2,125.15 1 1
github.com/Ulbora/intgFileBuilder/csvbuilder.go:122.16,124.3 1 1
github.com/Ulbora/intgFileBuilder/csvbuilder.go:128.34,130.49 2 1
github.com/Ulbora/intgFileBuilder/csvbuilder.go:134.2,134.12 1 1
github.com/Ulbora/intgFileBuilder/csvbuilder.go:130.49,133.3 2 1
github.com/Ulbora/intgFileBuilder/csvbuilder.go:137.43,140.34 2 1
github.com/Ulbora/intgFileBuilder/csvbuilder.go:144.2,144.12 1 1
github.com/Ulbora/intgFileBuilder/csvbuilder.go:140.34,143.3 2 1
