mode: set
github.com/Ulbora/intgFileBuilder/csvbuilder.go:33.62,38.29 3 1
github.com/Ulbora/intgFileBuilder/csvbuilder.go:50.2,50.13 1 1
github.com/Ulbora/intgFileBuilder/csvbuilder.go:38.29,40.36 1 1
github.com/Ulbora/intgFileBuilder/csvbuilder.go:40.36,48.4 6 1
github.com/Ulbora/intgFileBuilder/csvbuilder.go:52.45,56.16 3 1
github.com/Ulbora/intgFileBuilder/csvbuilder.go:86.2,86.13 1 1
github.com/Ulbora/intgFileBuilder/csvbuilder.go:56.16,57.30 1 1
github.com/Ulbora/intgFileBuilder/csvbuilder.go:65.3,65.27 1 1
github.com/Ulbora/intgFileBuilder/csvbuilder.go:57.30,59.20 1 1
github.com/Ulbora/intgFileBuilder/csvbuilder.go:59.20,63.5 3 1
github.com/Ulbora/intgFileBuilder/csvbuilder.go:65.27,70.18 3 1
github.com/Ulbora/intgFileBuilder/csvbuilder.go:81.4,81.28 1 1
github.com/Ulbora/intgFileBuilder/csvbuilder.go:70.18,71.34 1 1
github.com/Ulbora/intgFileBuilder/csvbuilder.go:71.34,72.24 1 1
github.com/Ulbora/intgFileBuilder/csvbuilder.go:72.24,78.7 4 1
github.com/Ulbora/intgFileBuilder/csvbuilder.go:89.45,91.16 2 1
github.com/Ulbora/intgFileBuilder/csvbuilder.go:94.2,97.16 3 1
github.com/Ulbora/intgFileBuilder/csvbuilder.go:91.16,93.3 1 1
github.com/Ulbora/intgFileBuilder/csvbuilder.go:100.42,102.16 2 1
github.com/Ulbora/intgFileBuilder/csvbuilder.go:105.2,105.16 1 1
github.com/Ulbora/intgFileBuilder/csvbuilder.go:102.16,104.3 1 1
